0 info it worked if it ends with ok
1 verbose cli [ '/usr/bin/node', '/usr/bin/npm', 'run-script', 'build-watch' ]
2 info using npm@1.4.28
3 info using node@v0.10.35
4 verbose run-script [ 'prebuild-watch', 'build-watch', 'postbuild-watch' ]
5 info prebuild-watch lpe@0.0.1
6 info build-watch lpe@0.0.1
7 verbose unsafe-perm in lifecycle true
8 info lpe@0.0.1 Failed to exec build-watch script
9 error lpe@0.0.1 build-watch: `babel --presets react lib/editor.jsx | babel --watch -o lib/editor.js`
9 error Exit status 2
10 error Failed at the lpe@0.0.1 build-watch script.
10 error This is most likely a problem with the lpe package,
10 error not with npm itself.
10 error Tell the author that this fails on your system:
10 error     babel --presets react lib/editor.jsx | babel --watch -o lib/editor.js
10 error You can get their info via:
10 error     npm owner ls lpe
10 error There is likely additional logging output above.
11 error System Linux 3.13.0-59-generic
12 error command "/usr/bin/node" "/usr/bin/npm" "run-script" "build-watch"
13 error cwd /home/qh512n/code/git/photo-editor-v2
14 error node -v v0.10.35
15 error npm -v 1.4.28
16 error code ELIFECYCLE
17 verbose exit [ 1, true ]
